#
# A fatal error has been detected by the Java Runtime Environment:
#
#  EXCEPTION_ACCESS_VIOLATION (0xc0000005) at pc=0x0000000180005b00, pid=3728, tid=6996
#
# JRE version: Java(TM) SE Runtime Environment (15.0.1+9) (build 15.0.1+9-18)
# Java VM: Java HotSpot(TM) 64-Bit Server VM (15.0.1+9-18, mixed mode, sharing, tiered, compressed oops, g1 gc, windows-amd64)
# Problematic frame:
# C  [rxtxSerial.dll+0x5b00]
#
# No core dump will be written. Minidumps are not enabled by default on client versions of Windows
#
# If you would like to submit a bug report, please visit:
#   https://bugreport.java.com/bugreport/crash.jsp
# The crash happened outside the Java Virtual Machine in native code.
# See problematic frame for where to report the bug.
#

---------------  S U M M A R Y ------------

Command Line: -javaagent:C:\Program Files\JetBrains\IntelliJ IDEA Educational Edition 2020.2.2\lib\idea_rt.jar=1664:C:\Program Files\JetBrains\IntelliJ IDEA Educational Edition 2020.2.2\bin -Dfile.encoding=UTF-8 TwoWaySerialComm

Host: Intel(R) Core(TM) i5-7200U CPU @ 2.50GHz, 4 cores, 7G,  Windows 10 , 64 bit Build 18362 (10.0.18362.1110)
Time: Wed Jan 13 14:54:00 2021 Eastern Standard Time elapsed time: 5.529293 seconds (0d 0h 0m 5s)

---------------  T H R E A D  ---------------

Current thread (0x000001d71bc1b640):  JavaThread "Thread-1" [_thread_in_native, id=6996, stack(0x0000009f01700000,0x0000009f01800000)]

Stack: [0x0000009f01700000,0x0000009f01800000],  sp=0x0000009f017fedc0,  free space=1019k
Native frames: (J=compiled Java code, j=interpreted, Vv=VM code, C=native code)
C  [rxtxSerial.dll+0x5b00]

Java frames: (J=compiled Java code, j=interpreted, Vv=VM code)
j  gnu.io.RXTXPort.readArray([BII)I+0
j  gnu.io.RXTXPort$SerialInputStream.read([BII)I+212
j  gnu.io.RXTXPort$SerialInputStream.read([B)I+60
j  TwoWaySerialComm$SerialReader.run()V+13
j  java.lang.Thread.run()V+11 java.base@15.0.1
v  ~StubRoutines::call_stub

siginfo: EXCEPTION_ACCESS_VIOLATION (0xc0000005), reading address 0x00000000016feda8


Register to memory mapping:

RIP=0x0000000180005b00 rxtxSerial.dll
RAX=0x0000000000000001 is an unknown value
RBX=0x0 is NULL
RCX=0x000000018001d4d5 rxtxSerial.dll
RDX=0xfffffffffffff665 is an unknown value
RSP=0x0000009f017fedc0 is pointing into the stack for thread: 0x000001d71bc1b640
RBP=
[error occurred during error reporting (printing register info), id 0xc0000005, EXCEPTION_ACCESS_VIOLATION (0xc0000005) at pc=0x00007ffdb7df8542]

Registers:
RAX=0x0000000000000001, RBX=0x0000000000000000, RCX=0x000000018001d4d5, RDX=0xfffffffffffff665
RSP=0x0000009f017fedc0, RBP=0x00000000ffffffff, RSI=0x0000000000000000, RDI=0x000001d71bc1b968
R8 =0x0000000000000002, R9 =0xfffffffffffff63c, R10=0x00007ffdb85ec720, R11=0x8101010101010100
R12=0x00000000016feda0, R13=0x0000000000000001, R14=0x0000009f017fefa8, R15=0x0000000000000000
RIP=0x0000000180005b00, EFLAGS=0x0000000000010202

Top of Stack: (sp=0x0000009f017fedc0)
0x0000009f017fedc0:   0000000000000000 0000000000000000
0x0000009f017fedd0:   0000000000000000 000001d71bc1b640
0x0000009f017fede0:   0000000000000000 0000009f017fefa8
0x0000009f017fedf0:   000001d71b509880 0000000000000001
0x0000009f017fee00:   000001d71bc1b968 0000000000000001
0x0000009f017fee10:   ffffffffffffffff 0000000180006211
0x0000009f017fee20:   000001d71bc33720 000001d71bc1b968
0x0000009f017fee30:   0000000000000001 000001d71bc33720
0x0000009f017fee40:   000001d700000001 00007ffdffffffff
0x0000009f017fee50:   0000009f017fefb0 000001d708169bc0
0x0000009f017fee60:   000001d71b509880 000001d71b509880
0x0000009f017fee70:   0000009f017fef78 00007ffdb7e9c8a7
0x0000009f017fee80:   00000000000155b4 000001d71bc1b640
0x0000009f017fee90:   000001d71bc1b640 0000e97bdaddd763
0x0000009f017feea0:   000001d71b509888 000001d71b509880
0x0000009f017feeb0:   000001d71bc1b640 0000009f017fefb0 

Instructions: (pc=0x0000000180005b00)
0x0000000180005a00:   5d c3 cc cc cc cc cc cc cc cc cc cc cc cc cc cc
0x0000000180005a10:   48 89 5c 24 08 4c 89 4c 24 20 44 89 44 24 18 55
0x0000000180005a20:   56 57 41 54 41 55 41 56 41 57 48 83 ec 20 48 8b
0x0000000180005a30:   2a 48 8b 01 33 db 48 8b d5 48 8b f9 44 8b fb 8b
0x0000000180005a40:   f3 ff 90 f8 00 00 00 4c 8d 0d 9e 70 01 00 4c 8b
0x0000000180005a50:   e0 48 8b 07 4c 8d 05 b5 70 01 00 49 8b d4 48 8b
0x0000000180005a60:   cf ff 90 f0 02 00 00 48 8b cf 4c 8b c0 48 85 c0
0x0000000180005a70:   48 8b 07 75 28 ff 90 80 00 00 00 4c 8b 1f 48 8b
0x0000000180005a80:   cf 41 ff 93 88 00 00 00 4c 8b 1f 49 8b d4 48 8b
0x0000000180005a90:   cf 41 ff 93 b8 00 00 00 4c 8b e3 eb 54 48 8b d5
0x0000000180005aa0:   ff 90 20 03 00 00 49 8b d4 48 8b cf 48 63 e8 48
0x0000000180005ab0:   8b 07 ff 90 b8 00 00 00 48 8d 15 51 70 01 00 48
0x0000000180005ac0:   8d 0d 0e 7a 01 00 41 b8 02 00 00 00 e8 6f 62 00
0x0000000180005ad0:   00 85 c0 75 19 85 ed 75 15 e8 c2 5e 00 00 48 8d
0x0000000180005ae0:   15 23 7a 01 00 48 8d 48 60 e8 3a 5d 00 00 4c 8b
0x0000000180005af0:   e5 8b ac 24 88 00 00 00 44 8b ac 24 80 00 00 00
0x0000000180005b00:   45 8b 74 24 08 41 89 5c 24 08 41 8b fd 85 ed 78
0x0000000180005b10:   09 ff 15 e9 14 01 00 44 8b f8 45 85 ed 7e 4a 90
0x0000000180005b20:   8b c6 ff c6 83 f8 14 7d 40 85 ed 78 0d ff 15 cd
0x0000000180005b30:   14 01 00 41 2b c7 3b c5 7d 2f 8b 4c 24 70 48 63
0x0000000180005b40:   d3 44 8b c7 48 03 54 24 78 e8 a2 31 00 00 85 c0
0x0000000180005b50:   78 33 74 06 03 d8 2b f8 eb 0a b9 e8 03 00 00 e8
0x0000000180005b60:   1c 1c 00 00 41 3b dd 7c b7 8b c3 45 89 74 24 08
0x0000000180005b70:   48 8b 5c 24 60 48 83 c4 20 41 5f 41 5e 41 5d 41
0x0000000180005b80:   5c 5f 5e 5d c3 e8 1e 61 00 00 83 38 04 74 05 e8
0x0000000180005b90:   14 61 00 00 83 c8 ff eb d2 cc cc cc cc cc cc cc
0x0000000180005ba0:   40 53 55 56 57 41 54 41 55 48 81 ec b8 00 00 00
0x0000000180005bb0:   48 8b 05 71 85 01 00 48 33 c4 48 89 84 24 a0 00
0x0000000180005bc0:   00 00 48 8b 01 45 8b e9 41 8b f8 48 8b f2 48 8b
0x0000000180005bd0:   d9 ff 90 f8 00 00 00 4c 8b 13 4c 8d 0d 33 6f 01
0x0000000180005be0:   00 4c 8d 05 7c 6f 01 00 48 8b d0 48 8b cb 4c 8b
0x0000000180005bf0:   e0 41 ff 92 f0 02 00 00 33 ed 48 8b cb 4c 8b c0 


Stack slot to memory mapping:
stack at sp + 0 slots: 0x0 is NULL
stack at sp + 1 slots: 0x0 is NULL
stack at sp + 2 slots: 0x0 is NULL
stack at sp + 3 slots: 0x000001d71bc1b640 is a thread
stack at sp + 4 slots: 0x0 is NULL
stack at sp + 5 slots: 0x0000009f017fefa8 is pointing into the stack for thread: 0x000001d71bc1b640
stack at sp + 6 slots: 0x000001d71b509880 is pointing into metadata
stack at sp + 7 slots: 0x0000000000000001 is an unknown value


---------------  P R O C E S S  ---------------

Threads class SMR info:
_java_thread_list=0x000001d71bc245b0, length=15, elements={
0x000001d77fefc520, 0x000001d77fefd0f0, 0x000001d77ff00050, 0x000001d77ff0e8a0,
0x000001d77ff0f350, 0x000001d77ff111f0, 0x000001d71ba100f0, 0x000001d71ba10700,
0x000001d71baa0fb0, 0x000001d71bb58de0, 0x000001d71bb5b2c0, 0x000001d71bc2b420,
0x000001d71bc1b640, 0x000001d71bc33b30, 0x000001d77ae71830
}

Java Threads: ( => current thread )
  0x000001d77fefc520 JavaThread "Reference Handler" daemon [_thread_blocked, id=11016, stack(0x0000009f00a00000,0x0000009f00b00000)]
  0x000001d77fefd0f0 JavaThread "Finalizer" daemon [_thread_blocked, id=6948, stack(0x0000009f00b00000,0x0000009f00c00000)]
  0x000001d77ff00050 JavaThread "Signal Dispatcher" daemon [_thread_blocked, id=6952, stack(0x0000009f00c00000,0x0000009f00d00000)]
  0x000001d77ff0e8a0 JavaThread "Attach Listener" daemon [_thread_blocked, id=7028, stack(0x0000009f00d00000,0x0000009f00e00000)]
  0x000001d77ff0f350 JavaThread "Service Thread" daemon [_thread_blocked, id=7032, stack(0x0000009f00e00000,0x0000009f00f00000)]
  0x000001d77ff111f0 JavaThread "C2 CompilerThread0" daemon [_thread_blocked, id=1868, stack(0x0000009f00f00000,0x0000009f01000000)]
  0x000001d71ba100f0 JavaThread "C1 CompilerThread0" daemon [_thread_blocked, id=1308, stack(0x0000009f01000000,0x0000009f01100000)]
  0x000001d71ba10700 JavaThread "Sweeper thread" daemon [_thread_blocked, id=5636, stack(0x0000009f01100000,0x0000009f01200000)]
  0x000001d71baa0fb0 JavaThread "Common-Cleaner" daemon [_thread_blocked, id=1320, stack(0x0000009f01200000,0x0000009f01300000)]
  0x000001d71bb58de0 JavaThread "Monitor Ctrl-Break" daemon [_thread_in_native, id=11072, stack(0x0000009f01300000,0x0000009f01400000)]
  0x000001d71bb5b2c0 JavaThread "Notification Thread" daemon [_thread_blocked, id=10564, stack(0x0000009f01400000,0x0000009f01500000)]
  0x000001d71bc2b420 JavaThread "Thread-0" [_thread_in_native, id=2420, stack(0x0000009f01600000,0x0000009f01700000)]
=>0x000001d71bc1b640 JavaThread "Thread-1" [_thread_in_native, id=6996, stack(0x0000009f01700000,0x0000009f01800000)]
  0x000001d71bc33b30 JavaThread "Thread-2" [_thread_in_native, id=10072, stack(0x0000009f01800000,0x0000009f01900000)]
  0x000001d77ae71830 JavaThread "DestroyJavaVM" [_thread_blocked, id=8828, stack(0x0000009f00300000,0x0000009f00400000)]

Other Threads:
  0x000001d77fef84f0 VMThread "VM Thread" [stack: 0x0000009f00900000,0x0000009f00a00000] [id=7792]
  0x000001d71bb63c30 WatcherThread [stack: 0x0000009f01500000,0x0000009f01600000] [id=6912]
  0x000001d77aeb1a70 GCTaskThread "GC Thread#0" [stack: 0x0000009f00400000,0x0000009f00500000] [id=11088]
  0x000001d77aec2980 ConcurrentGCThread "G1 Main Marker" [stack: 0x0000009f00500000,0x0000009f00600000] [id=10648]
  0x000001d77aec35f0 ConcurrentGCThread "G1 Conc#0" [stack: 0x0000009f00600000,0x0000009f00700000] [id=4052]
  0x000001d77af3cb60 ConcurrentGCThread "G1 Refine#0" [stack: 0x0000009f00700000,0x0000009f00800000] [id=6844]
  0x000001d77af3d760 ConcurrentGCThread "G1 Young RemSet Sampling" [stack: 0x0000009f00800000,0x0000009f00900000] [id=11172]

Threads with active compile tasks:

VM state: not at safepoint (normal execution)

VM Mutex/Monitor currently owned by a thread: None

Heap address: 0x0000000081e00000, size: 2018 MB, Compressed Oops mode: 32-bit
CDS archive(s) mapped at: [0x0000000800000000-0x0000000800b50000-0x0000000800b50000), size 11862016, SharedBaseAddress: 0x0000000800000000, ArchiveRelocationMode: 0.
Compressed class space mapped at: 0x0000000800b50000-0x0000000840b50000, size: 1073741824
Narrow klass base: 0x0000000800000000, Narrow klass shift: 3, Narrow klass range: 0x100000000

GC Precious Log:
 CPUs: 4 total, 4 available
 Memory: 8064M
 Large Page Support: Disabled
 NUMA Support: Disabled
 Compressed Oops: Enabled (32-bit)
 Heap Region Size: 1M
 Heap Min Capacity: 8M
 Heap Initial Capacity: 128M
 Heap Max Capacity: 2018M
 Pre-touch: Disabled
 Parallel Workers: 4
 Concurrent Workers: 1
 Concurrent Refinement Workers: 4
 Periodic GC: Disabled

Heap:
 garbage-first heap   total 131072K, used 3072K [0x0000000081e00000, 0x0000000100000000)
  region size 1024K, 4 young (4096K), 0 survivors (0K)
 Metaspace       used 1214K, capacity 4686K, committed 4864K, reserved 1056768K
  class space    used 111K, capacity 430K, committed 512K, reserved 1048576K

Heap Regions: E=young(eden), S=young(survivor), O=old, HS=humongous(starts), HC=humongous(continues), CS=collection set, F=free, OA=open archive, CA=closed archive, TAMS=top-at-mark-start (previous, next)
|   0|0x0000000081e00000, 0x0000000081e00000, 0x0000000081f00000|  0%| F|  |TAMS 0x0000000081e00000, 0x0000000081e00000| Untracked 
|   1|0x0000000081f00000, 0x0000000081f00000, 0x0000000082000000|  0%| F|  |TAMS 0x0000000081f00000, 0x0000000081f00000| Untracked 
|   2|0x0000000082000000, 0x0000000082000000, 0x0000000082100000|  0%| F|  |TAMS 0x0000000082000000, 0x0000000082000000| Untracked 
|   3|0x0000000082100000, 0x0000000082100000, 0x0000000082200000|  0%| F|  |TAMS 0x0000000082100000, 0x0000000082100000| Untracked 
|   4|0x0000000082200000, 0x0000000082200000, 0x0000000082300000|  0%| F|  |TAMS 0x0000000082200000, 0x0000000082200000| Untracked 
|   5|0x0000000082300000, 0x0000000082300000, 0x0000000082400000|  0%| F|  |TAMS 0x0000000082300000, 0x0000000082300000| Untracked 
|   6|0x0000000082400000, 0x0000000082400000, 0x0000000082500000|  0%| F|  |TAMS 0x0000000082400000, 0x0000000082400000| Untracked 
|   7|0x0000000082500000, 0x0000000082500000, 0x0000000082600000|  0%| F|  |TAMS 0x0000000082500000, 0x0000000082500000| Untracked 
|   8|0x0000000082600000, 0x0000000082600000, 0x0000000082700000|  0%| F|  |TAMS 0x0000000082600000, 0x0000000082600000| Untracked 
|   9|0x0000000082700000, 0x0000000082700000, 0x0000000082800000|  0%| F|  |TAMS 0x0000000082700000, 0x0000000082700000| Untracked 
|  10|0x0000000082800000, 0x0000000082800000, 0x0000000082900000|  0%| F|  |TAMS 0x0000000082800000, 0x0000000082800000| Untracked 
|  11|0x0000000082900000, 0x0000000082900000, 0x0000000082a00000|  0%| F|  |TAMS 0x0000000082900000, 0x0000000082900000| Untracked 
|  12|0x0000000082a00000, 0x0000000082a00000, 0x0000000082b00000|  0%| F|  |TAMS 0x0000000082a00000, 0x0000000082a00000| Untracked 
|  13|0x0000000082b00000, 0x0000000082b00000, 0x0000000082c00000|  0%| F|  |TAMS 0x0000000082b00000, 0x0000000082b00000| Untracked 
|  14|0x0000000082c00000, 0x0000000082c00000, 0x0000000082d00000|  0%| F|  |TAMS 0x0000000082c00000, 0x0000000082c00000| Untracked 
|  15|0x0000000082d00000, 0x0000000082d00000, 0x0000000082e00000|  0%| F|  |TAMS 0x0000000082d00000, 0x0000000082d00000| Untracked 
|  16|0x0000000082e00000, 0x0000000082e00000, 0x0000000082f00000|  0%| F|  |TAMS 0x0000000082e00000, 0x0000000082e00000| Untracked 
|  17|0x0000000082f00000, 0x0000000082f00000, 0x0000000083000000|  0%| F|  |TAMS 0x0000000082f00000, 0x0000000082f00000| Untracked 
|  18|0x0000000083000000, 0x0000000083000000, 0x0000000083100000|  0%| F|  |TAMS 0x0000000083000000, 0x0000000083000000| Untracked 
|  19|0x0000000083100000, 0x0000000083100000, 0x0000000083200000|  0%| F|  |TAMS 0x0000000083100000, 0x0000000083100000| Untracked 
|  20|0x0000000083200000, 0x0000000083200000, 0x0000000083300000|  0%| F|  |TAMS 0x0000000083200000, 0x0000000083200000| Untracked 
|  21|0x0000000083300000, 0x0000000083300000, 0x0000000083400000|  0%| F|  |TAMS 0x0000000083300000, 0x0000000083300000| Untracked 
|  22|0x0000000083400000, 0x0000000083400000, 0x0000000083500000|  0%| F|  |TAMS 0x0000000083400000, 0x0000000083400000| Untracked 
|  23|0x0000000083500000, 0x0000000083500000, 0x0000000083600000|  0%| F|  |TAMS 0x0000000083500000, 0x0000000083500000| Untracked 
|  24|0x0000000083600000, 0x0000000083600000, 0x0000000083700000|  0%| F|  |TAMS 0x0000000083600000, 0x0000000083600000| Untracked 
|  25|0x0000000083700000, 0x0000000083700000, 0x0000000083800000|  0%| F|  |TAMS 0x0000000083700000, 0x0000000083700000| Untracked 
|  26|0x0000000083800000, 0x0000000083800000, 0x0000000083900000|  0%| F|  |TAMS 0x0000000083800000, 0x0000000083800000| Untracked 
|  27|0x0000000083900000, 0x0000000083900000, 0x0000000083a00000|  0%| F|  |TAMS 0x0000000083900000, 0x0000000083900000| Untracked 
|  28|0x0000000083a00000, 0x0000000083a00000, 0x0000000083b00000|  0%| F|  |TAMS 0x0000000083a00000, 0x0000000083a00000| Untracked 
|  29|0x0000000083b00000, 0x0000000083b00000, 0x0000000083c00000|  0%| F|  |TAMS 0x0000000083b00000, 0x0000000083b00000| Untracked 
|  30|0x0000000083c00000, 0x0000000083c00000, 0x0000000083d00000|  0%| F|  |TAMS 0x0000000083c00000, 0x0000000083c00000| Untracked 
|  31|0x0000000083d00000, 0x0000000083d00000, 0x0000000083e00000|  0%| F|  |TAMS 0x0000000083d00000, 0x0000000083d00000| Untracked 
|  32|0x0000000083e00000, 0x0000000083e00000, 0x0000000083f00000|  0%| F|  |TAMS 0x0000000083e00000, 0x0000000083e00000| Untracked 
|  33|0x0000000083f00000, 0x0000000083f00000, 0x0000000084000000|  0%| F|  |TAMS 0x0000000083f00000, 0x0000000083f00000| Untracked 
|  34|0x0000000084000000, 0x0000000084000000, 0x0000000084100000|  0%| F|  |TAMS 0x0000000084000000, 0x0000000084000000| Untracked 
|  35|0x0000000084100000, 0x0000000084100000, 0x0000000084200000|  0%| F|  |TAMS 0x0000000084100000, 0x0000000084100000| Untracked 
|  36|0x0000000084200000, 0x0000000084200000, 0x0000000084300000|  0%| F|  |TAMS 0x0000000084200000, 0x0000000084200000| Untracked 
|  37|0x0000000084300000, 0x0000000084300000, 0x0000000084400000|  0%| F|  |TAMS 0x0000000084300000, 0x0000000084300000| Untracked 
|  38|0x0000000084400000, 0x0000000084400000, 0x0000000084500000|  0%| F|  |TAMS 0x0000000084400000, 0x0000000084400000| Untracked 
|  39|0x0000000084500000, 0x0000000084500000, 0x0000000084600000|  0%| F|  |TAMS 0x0000000084500000, 0x0000000084500000| Untracked 
|  40|0x0000000084600000, 0x0000000084600000, 0x0000000084700000|  0%| F|  |TAMS 0x0000000084600000, 0x0000000084600000| Untracked 
|  41|0x0000000084700000, 0x0000000084700000, 0x0000000084800000|  0%| F|  |TAMS 0x0000000084700000, 0x0000000084700000| Untracked 
|  42|0x0000000084800000, 0x0000000084800000, 0x0000000084900000|  0%| F|  |TAMS 0x0000000084800000, 0x0000000084800000| Untracked 
|  43|0x0000000084900000, 0x0000000084900000, 0x0000000084a00000|  0%| F|  |TAMS 0x0000000084900000, 0x0000000084900000| Untracked 
|  44|0x0000000084a00000, 0x0000000084a00000, 0x0000000084b00000|  0%| F|  |TAMS 0x0000000084a00000, 0x0000000084a00000| Untracked 
|  45|0x0000000084b00000, 0x0000000084b00000, 0x0000000084c00000|  0%| F|  |TAMS 0x0000000084b00000, 0x0000000084b00000| Untracked 
|  46|0x0000000084c00000, 0x0000000084c00000, 0x0000000084d00000|  0%| F|  |TAMS 0x0000000084c00000, 0x0000000084c00000| Untracked 
|  47|0x0000000084d00000, 0x0000000084d00000, 0x0000000084e00000|  0%| F|  |TAMS 0x0000000084d00000, 0x0000000084d00000| Untracked 
|  48|0x0000000084e00000, 0x0000000084e00000, 0x0000000084f00000|  0%| F|  |TAMS 0x0000000084e00000, 0x0000000084e00000| Untracked 
|  49|0x0000000084f00000, 0x0000000084f00000, 0x0000000085000000|  0%| F|  |TAMS 0x0000000084f00000, 0x0000000084f00000| Untracked 
|  50|0x0000000085000000, 0x0000000085000000, 0x0000000085100000|  0%| F|  |TAMS 0x0000000085000000, 0x0000000085000000| Untracked 
|  51|0x0000000085100000, 0x0000000085100000, 0x0000000085200000|  0%| F|  |TAMS 0x0000000085100000, 0x0000000085100000| Untracked 
|  52|0x0000000085200000, 0x0000000085200000, 0x0000000085300000|  0%| F|  |TAMS 0x0000000085200000, 0x0000000085200000| Untracked 
|  53|0x0000000085300000, 0x0000000085300000, 0x0000000085400000|  0%| F|  |TAMS 0x0000000085300000, 0x0000000085300000| Untracked 
|  54|0x0000000085400000, 0x0000000085400000, 0x0000000085500000|  0%| F|  |TAMS 0x0000000085400000, 0x0000000085400000| Untracked 
|  55|0x0000000085500000, 0x0000000085500000, 0x0000000085600000|  0%| F|  |TAMS 0x0000000085500000, 0x0000000085500000| Untracked 
|  56|0x0000000085600000, 0x0000000085600000, 0x0000000085700000|  0%| F|  |TAMS 0x0000000085600000, 0x0000000085600000| Untracked 
|  57|0x0000000085700000, 0x0000000085700000, 0x0000000085800000|  0%| F|  |TAMS 0x0000000085700000, 0x0000000085700000| Untracked 
|  58|0x0000000085800000, 0x0000000085800000, 0x0000000085900000|  0%| F|  |TAMS 0x0000000085800000, 0x0000000085800000| Untracked 
|  59|0x0000000085900000, 0x0000000085900000, 0x0000000085a00000|  0%| F|  |TAMS 0x0000000085900000, 0x0000000085900000| Untracked 
|  60|0x0000000085a00000, 0x0000000085a00000, 0x0000000085b00000|  0%| F|  |TAMS 0x0000000085a00000, 0x0000000085a00000| Untracked 
|  61|0x0000000085b00000, 0x0000000085b00000, 0x0000000085c00000|  0%| F|  |TAMS 0x0000000085b00000, 0x0000000085b00000| Untracked 
|  62|0x0000000085c00000, 0x0000000085c00000, 0x0000000085d00000|  0%| F|  |TAMS 0x0000000085c00000, 0x0000000085c00000| Untracked 
|  63|0x0000000085d00000, 0x0000000085d00000, 0x0000000085e00000|  0%| F|  |TAMS 0x0000000085d00000, 0x0000000085d00000| Untracked 
|  64|0x0000000085e00000, 0x0000000085e00000, 0x0000000085f00000|  0%| F|  |TAMS 0x0000000085e00000, 0x0000000085e00000| Untracked 
|  65|0x0000000085f00000, 0x0000000085f00000, 0x0000000086000000|  0%| F|  |TAMS 0x0000000085f00000, 0x0000000085f00000| Untracked 
|  66|0x0000000086000000, 0x0000000086000000, 0x0000000086100000|  0%| F|  |TAMS 0x0000000086000000, 0x0000000086000000| Untracked 
|  67|0x0000000086100000, 0x0000000086100000, 0x0000000086200000|  0%| F|  |TAMS 0x0000000086100000, 0x0000000086100000| Untracked 
|  68|0x0000000086200000, 0x0000000086200000, 0x0000000086300000|  0%| F|  |TAMS 0x0000000086200000, 0x0000000086200000| Untracked 
|  69|0x0000000086300000, 0x0000000086300000, 0x0000000086400000|  0%| F|  |TAMS 0x0000000086300000, 0x0000000086300000| Untracked 
|  70|0x0000000086400000, 0x0000000086400000, 0x0000000086500000|  0%| F|  |TAMS 0x0000000086400000, 0x0000000086400000| Untracked 
|  71|0x0000000086500000, 0x0000000086500000, 0x0000000086600000|  0%| F|  |TAMS 0x0000000086500000, 0x0000000086500000| Untracked 
|  72|0x0000000086600000, 0x0000000086600000, 0x0000000086700000|  0%| F|  |TAMS 0x0000000086600000, 0x0000000086600000| Untracked 
|  73|0x0000000086700000, 0x0000000086700000, 0x0000000086800000|  0%| F|  |TAMS 0x0000000086700000, 0x0000000086700000| Untracked 
|  74|0x0000000086800000, 0x0000000086800000, 0x0000000086900000|  0%| F|  |TAMS 0x0000000086800000, 0x0000000086800000| Untracked 
|  75|0x0000000086900000, 0x0000000086900000, 0x0000000086a00000|  0%| F|  |TAMS 0x0000000086900000, 0x0000000086900000| Untracked 
|  76|0x0000000086a00000, 0x0000000086a00000, 0x0000000086b00000|  0%| F|  |TAMS 0x0000000086a00000, 0x0000000086a00000| Untracked 
|  77|0x0000000086b00000, 0x0000000086b00000, 0x0000000086c00000|  0%| F|  |TAMS 0x0000000086b00000, 0x0000000086b00000| Untracked 
|  78|0x0000000086c00000, 0x0000000086c00000, 0x0000000086d00000|  0%| F|  |TAMS 0x0000000086c00000, 0x0000000086c00000| Untracked 
|  79|0x0000000086d00000, 0x0000000086d00000, 0x0000000086e00000|  0%| F|  |TAMS 0x0000000086d00000, 0x0000000086d00000| Untracked 
|  80|0x0000000086e00000, 0x0000000086e00000, 0x0000000086f00000|  0%| F|  |TAMS 0x0000000086e00000, 0x0000000086e00000| Untracked 
|  81|0x0000000086f00000, 0x0000000086f00000, 0x0000000087000000|  0%| F|  |TAMS 0x0000000086f00000, 0x0000000086f00000| Untracked 
|  82|0x0000000087000000, 0x0000000087000000, 0x0000000087100000|  0%| F|  |TAMS 0x0000000087000000, 0x0000000087000000| Untracked 
|  83|0x0000000087100000, 0x0000000087100000, 0x0000000087200000|  0%| F|  |TAMS 0x0000000087100000, 0x0000000087100000| Untracked 
|  84|0x0000000087200000, 0x0000000087200000, 0x0000000087300000|  0%| F|  |TAMS 0x0000000087200000, 0x0000000087200000| Untracked 
|  85|0x0000000087300000, 0x0000000087300000, 0x0000000087400000|  0%| F|  |TAMS 0x0000000087300000, 0x0000000087300000| Untracked 
|  86|0x0000000087400000, 0x0000000087400000, 0x0000000087500000|  0%| F|  |TAMS 0x0000000087400000, 0x0000000087400000| Untracked 
|  87|0x0000000087500000, 0x0000000087500000, 0x0000000087600000|  0%| F|  |TAMS 0x0000000087500000, 0x0000000087500000| Untracked 
|  88|0x0000000087600000, 0x0000000087600000, 0x0000000087700000|  0%| F|  |TAMS 0x0000000087600000, 0x0000000087600000| Untracked 
|  89|0x0000000087700000, 0x0000000087700000, 0x0000000087800000|  0%| F|  |TAMS 0x0000000087700000, 0x0000000087700000| Untracked 
|  90|0x0000000087800000, 0x0000000087800000, 0x0000000087900000|  0%| F|  |TAMS 0x0000000087800000, 0x0000000087800000| Untracked 
|  91|0x0000000087900000, 0x0000000087900000, 0x0000000087a00000|  0%| F|  |TAMS 0x0000000087900000, 0x0000000087900000| Untracked 
|  92|0x0000000087a00000, 0x0000000087a00000, 0x0000000087b00000|  0%| F|  |TAMS 0x0000000087a00000, 0x0000000087a00000| Untracked 
|  93|0x0000000087b00000, 0x0000000087b00000, 0x0000000087c00000|  0%| F|  |TAMS 0x0000000087b00000, 0x0000000087b00000| Untracked 
|  94|0x0000000087c00000, 0x0000000087c00000, 0x0000000087d00000|  0%| F|  |TAMS 0x0000000087c00000, 0x0000000087c00000| Untracked 
|  95|0x0000000087d00000, 0x0000000087d00000, 0x0000000087e00000|  0%| F|  |TAMS 0x0000000087d00000, 0x0000000087d00000| Untracked 
|  96|0x0000000087e00000, 0x0000000087e00000, 0x0000000087f00000|  0%| F|  |TAMS 0x0000000087e00000, 0x0000000087e00000| Untracked 
|  97|0x0000000087f00000, 0x0000000087f00000, 0x0000000088000000|  0%| F|  |TAMS 0x0000000087f00000, 0x0000000087f00000| Untracked 
|  98|0x0000000088000000, 0x0000000088000000, 0x0000000088100000|  0%| F|  |TAMS 0x0000000088000000, 0x0000000088000000| Untracked 
|  99|0x0000000088100000, 0x0000000088100000, 0x0000000088200000|  0%| F|  |TAMS 0x0000000088100000, 0x0000000088100000| Untracked 
| 100|0x0000000088200000, 0x0000000088200000, 0x0000000088300000|  0%| F|  |TAMS 0x0000000088200000, 0x0000000088200000| Untracked 
| 101|0x0000000088300000, 0x0000000088300000, 0x0000000088400000|  0%| F|  |TAMS 0x0000000088300000, 0x0000000088300000| Untracked 
| 102|0x0000000088400000, 0x0000000088400000, 0x0000000088500000|  0%| F|  |TAMS 0x0000000088400000, 0x0000000088400000| Untracked 
| 103|0x0000000088500000, 0x0000000088500000, 0x0000000088600000|  0%| F|  |TAMS 0x0000000088500000, 0x0000000088500000| Untracked 
| 104|0x0000000088600000, 0x0000000088600000, 0x0000000088700000|  0%| F|  |TAMS 0x0000000088600000, 0x0000000088600000| Untracked 
| 105|0x0000000088700000, 0x0000000088700000, 0x0000000088800000|  0%| F|  |TAMS 0x0000000088700000, 0x0000000088700000| Untracked 
| 106|0x0000000088800000, 0x0000000088800000, 0x0000000088900000|  0%| F|  |TAMS 0x0000000088800000, 0x0000000088800000| Untracked 
| 107|0x0000000088900000, 0x0000000088900000, 0x0000000088a00000|  0%| F|  |TAMS 0x0000000088900000, 0x0000000088900000| Untracked 
| 108|0x0000000088a00000, 0x0000000088a00000, 0x0000000088b00000|  0%| F|  |TAMS 0x0000000088a00000, 0x0000000088a00000| Untracked 
| 109|0x0000000088b00000, 0x0000000088b00000, 0x0000000088c00000|  0%| F|  |TAMS 0x0000000088b00000, 0x0000000088b00000| Untracked 
| 110|0x0000000088c00000, 0x0000000088c00000, 0x0000000088d00000|  0%| F|  |TAMS 0x0000000088c00000, 0x0000000088c00000| Untracked 
| 111|0x0000000088d00000, 0x0000000088d00000, 0x0000000088e00000|  0%| F|  |TAMS 0x0000000088d00000, 0x0000000088d00000| Untracked 
| 112|0x0000000088e00000, 0x0000000088e00000, 0x0000000088f00000|  0%| F|  |TAMS 0x0000000088e00000, 0x0000000088e00000| Untracked 
| 113|0x0000000088f00000, 0x0000000088f00000, 0x0000000089000000|  0%| F|  |TAMS 0x0000000088f00000, 0x0000000088f00000| Untracked 
| 114|0x0000000089000000, 0x0000000089000000, 0x0000000089100000|  0%| F|  |TAMS 0x0000000089000000, 0x0000000089000000| Untracked 
| 115|0x0000000089100000, 0x0000000089100000, 0x0000000089200000|  0%| F|  |TAMS 0x0000000089100000, 0x0000000089100000| Untracked 
| 116|0x0000000089200000, 0x0000000089200000, 0x0000000089300000|  0%| F|  |TAMS 0x0000000089200000, 0x0000000089200000| Untracked 
| 117|0x0000000089300000, 0x0000000089300000, 0x0000000089400000|  0%| F|  |TAMS 0x0000000089300000, 0x0000000089300000| Untracked 
| 118|0x0000000089400000, 0x0000000089400000, 0x0000000089500000|  0%| F|  |TAMS 0x0000000089400000, 0x0000000089400000| Untracked 
| 119|0x0000000089500000, 0x0000000089500000, 0x0000000089600000|  0%| F|  |TAMS 0x0000000089500000, 0x0000000089500000| Untracked 
| 120|0x0000000089600000, 0x0000000089600000, 0x0000000089700000|  0%| F|  |TAMS 0x0000000089600000, 0x0000000089600000| Untracked 
| 121|0x0000000089700000, 0x0000000089700000, 0x0000000089800000|  0%| F|  |TAMS 0x0000000089700000, 0x0000000089700000| Untracked 
| 122|0x0000000089800000, 0x0000000089800000, 0x0000000089900000|  0%| F|  |TAMS 0x0000000089800000, 0x0000000089800000| Untracked 
| 123|0x0000000089900000, 0x0000000089900000, 0x0000000089a00000|  0%| F|  |TAMS 0x0000000089900000, 0x0000000089900000| Untracked 
| 124|0x0000000089a00000, 0x0000000089b00000, 0x0000000089b00000|100%| E|  |TAMS 0x0000000089a00000, 0x0000000089a00000| Complete 
| 125|0x0000000089b00000, 0x0000000089c00000, 0x0000000089c00000|100%| E|CS|TAMS 0x0000000089b00000, 0x0000000089b00000| Complete 
| 126|0x0000000089c00000, 0x0000000089d00000, 0x0000000089d00000|100%| E|CS|TAMS 0x0000000089c00000, 0x0000000089c00000| Complete 
| 127|0x0000000089d00000, 0x0000000089e00000, 0x0000000089e00000|100%| E|CS|TAMS 0x0000000089d00000, 0x0000000089d00000| Complete 

Card table byte_map: [0x000001d77d150000,0x000001d77d550000] _byte_map_base: 0x000001d77cd41000

Marking Bits (Prev, Next): (CMBitMap*) 0x000001d77aeb22e0, (CMBitMap*) 0x000001d77aeb2320
 Prev Bits: [0x000001d77d950000, 0x000001d77f8d8000)
 Next Bits: [0x000001d717160000, 0x000001d7190e8000)

Polling page: 0x000001d77ac10000

Metaspace:

Usage:
  Non-class:      4.16 MB capacity,     1.08 MB ( 26%) used,     3.08 MB ( 74%) free+waste,     1.06 KB ( <1%) overhead. 
      Class:    430.00 KB capacity,   111.04 KB ( 26%) used,   318.27 KB ( 74%) free+waste,   704 bytes ( <1%) overhead. 
       Both:      4.58 MB capacity,     1.19 MB ( 26%) used,     3.39 MB ( 74%) free+waste,     1.75 KB ( <1%) overhead. 

Virtual space:
  Non-class space:        8.00 MB reserved,       4.25 MB ( 53%) committed 
      Class space:        1.00 GB reserved,     512.00 KB ( <1%) committed 
             Both:        1.01 GB reserved,       4.75 MB ( <1%) committed 

Chunk freelists:
   Non-Class:  32.00 KB
       Class:  18.00 KB
        Both:  50.00 KB

MaxMetaspaceSize: 17179869184.00 GB
CompressedClassSpaceSize: 1.00 GB

CodeHeap 'non-profiled nmethods': size=120000Kb used=83Kb max_used=83Kb free=119916Kb
 bounds [0x000001d70fc30000, 0x000001d70fea0000, 0x000001d717160000]
CodeHeap 'profiled nmethods': size=120000Kb used=392Kb max_used=392Kb free=119607Kb
 bounds [0x000001d708700000, 0x000001d708970000, 0x000001d70fc30000]
CodeHeap 'non-nmethods': size=5760Kb used=1136Kb max_used=1152Kb free=4623Kb
 bounds [0x000001d708160000, 0x000001d7083d0000, 0x000001d708700000]
 total_blobs=691 nmethods=307 adapters=297
 compilation: enabled
              stopped_count=0, restarted_count=0
 full_count=0

Compilation events (20 events):
Event: 5.452 Thread 0x000001d71ba100f0  298       3       java.lang.String::toUpperCase (8 bytes)
Event: 5.452 Thread 0x000001d71ba100f0 nmethod 298 0x000001d708760210 code [0x000001d7087603e0, 0x000001d708760758]
Event: 5.452 Thread 0x000001d71ba100f0  299       3       java.lang.String::toUpperCase (29 bytes)
Event: 5.453 Thread 0x000001d71ba100f0 nmethod 299 0x000001d708760890 code [0x000001d708760a60, 0x000001d708760cf8]
Event: 5.453 Thread 0x000001d71ba100f0  300       3       java.lang.String::indexOf (64 bytes)
Event: 5.453 Thread 0x000001d71ba100f0 nmethod 300 0x000001d708760e10 code [0x000001d708761000, 0x000001d708761468]
Event: 5.453 Thread 0x000001d71ba100f0  301       3       java.lang.StringLatin1::indexOf (25 bytes)
Event: 5.453 Thread 0x000001d71ba100f0 nmethod 301 0x000001d708761610 code [0x000001d7087617c0, 0x000001d708761988]
Event: 5.453 Thread 0x000001d71ba100f0  302       1       java.net.URL::getFile (5 bytes)
Event: 5.453 Thread 0x000001d71ba100f0 nmethod 302 0x000001d70fc44310 code [0x000001d70fc444a0, 0x000001d70fc44558]
Event: 5.454 Thread 0x000001d77ff111f0  303       4       java.util.zip.ZipUtils::SH (21 bytes)
Event: 5.454 Thread 0x000001d77ff111f0 nmethod 303 0x000001d70fc44610 code [0x000001d70fc44780, 0x000001d70fc44818]
Event: 5.455 Thread 0x000001d71ba100f0  304       1       java.util.zip.Inflater$InflaterZStreamRef::address (5 bytes)
Event: 5.455 Thread 0x000001d71ba100f0 nmethod 304 0x000001d70fc44910 code [0x000001d70fc44aa0, 0x000001d70fc44b58]
Event: 5.455 Thread 0x000001d71ba100f0  305       3       java.lang.String::toString (2 bytes)
Event: 5.455 Thread 0x000001d71ba100f0 nmethod 305 0x000001d708761a90 code [0x000001d708761c20, 0x000001d708761d18]
Event: 5.464 Thread 0x000001d71ba100f0  306       3       java.lang.CharacterDataLatin1::toUpperCase (53 bytes)
Event: 5.464 Thread 0x000001d71ba100f0 nmethod 306 0x000001d708761d90 code [0x000001d708761f40, 0x000001d7087621d8]
Event: 5.473 Thread 0x000001d71ba100f0  307       1       java.net.URL::getHost (5 bytes)
Event: 5.474 Thread 0x000001d71ba100f0 nmethod 307 0x000001d70fc44c10 code [0x000001d70fc44da0, 0x000001d70fc44e58]

GC Heap History (0 events):
No events

Deoptimization events (4 events):
Event: 0.240 Thread 0x000001d77ae71830 Uncommon trap: trap_request=0xffffff45 fr.pc=0x000001d70fc3e820 relative=0x0000000000000080
Event: 0.240 Thread 0x000001d77ae71830 Uncommon trap: reason=unstable_if action=reinterpret pc=0x000001d70fc3e820 method=java.lang.String.charAt(I)C @ 4 c2
Event: 0.240 Thread 0x000001d77ae71830 DEOPT PACKING pc=0x000001d70fc3e820 sp=0x0000009f003fea80
Event: 0.240 Thread 0x000001d77ae71830 DEOPT UNPACKING pc=0x000001d7081ae42f sp=0x0000009f003fea20 mode 2

Classes unloaded (0 events):
No events

Classes redefined (0 events):
No events

Internal exceptions (5 events):
Event: 0.244 Thread 0x000001d71bb58de0 Exception <a 'java/lang/NoSuchMethodError'{0x0000000089cd09d0}: 'java.lang.Object java.lang.invoke.DirectMethodHandle$Holder.invokeStatic(java.lang.Object)'> (0x0000000089cd09d0) 
thrown [./open/src/hotspot/share/interpreter/linkResolver.cpp, line 782]
Event: 0.245 Thread 0x000001d71bb58de0 Exception <a 'java/lang/NoSuchMethodError'{0x0000000089cd42e0}: 'java.lang.Object java.lang.invoke.DirectMethodHandle$Holder.invokeStaticInit(java.lang.Object)'> (0x0000000089cd42e0) 
thrown [./open/src/hotspot/share/interpreter/linkResolver.cpp, line 782]
Event: 0.253 Thread 0x000001d71bb58de0 Exception <a 'java/lang/NoSuchMethodError'{0x0000000089ce1658}: 'void java.lang.invoke.DirectMethodHandle$Holder.invokeStatic(java.lang.Object, java.lang.Object)'> (0x0000000089ce1658) 
thrown [./open/src/hotspot/share/interpreter/linkResolver.cpp, line 782]
Event: 0.260 Thread 0x000001d77ae71830 Exception <a 'java/io/FileNotFoundException'{0x0000000089b140a8}> (0x0000000089b140a8) 
thrown [./open/src/hotspot/share/prims/jni.cpp, line 578]
Event: 5.449 Thread 0x000001d77ae71830 Exception <a 'java/io/FileNotFoundException'{0x0000000089b25d28}> (0x0000000089b25d28) 
thrown [./open/src/hotspot/share/prims/jni.cpp, line 578]

Events (20 events):
Event: 1.043 loading class sun/util/resources/cldr/TimeZoneNames
Event: 1.043 loading class sun/util/resources/TimeZoneNamesBundle
Event: 1.043 loading class sun/util/resources/OpenListResourceBundle
Event: 1.043 loading class sun/util/resources/OpenListResourceBundle done
Event: 1.043 loading class sun/util/resources/TimeZoneNamesBundle done
Event: 1.044 loading class sun/util/resources/cldr/TimeZoneNames done
Event: 1.044 loading class sun/util/resources/cldr/TimeZoneNames_en
Event: 1.045 loading class sun/util/resources/cldr/TimeZoneNames_en done
Event: 1.045 loading class sun/util/resources/cldr/TimeZoneNames_en_US
Event: 1.045 loading class sun/util/resources/cldr/TimeZoneNames_en_US done
Event: 1.047 loading class java/util/LinkedHashMap$LinkedKeySet
Event: 1.047 loading class java/util/LinkedHashMap$LinkedKeySet done
Event: 5.453 loading class java/util/TooManyListenersException
Event: 5.453 loading class java/util/TooManyListenersException done
Event: 5.455 loading class java/lang/NumberFormatException
Event: 5.455 loading class java/lang/NumberFormatException done
Event: 5.457 loading class java/lang/IndexOutOfBoundsException
Event: 5.457 loading class java/lang/IndexOutOfBoundsException done
Event: 5.464 Thread 0x000001d71bc2b420 Thread added: 0x000001d71bc2b420
Event: 5.473 Thread 0x000001d71bc1b640 Thread added: 0x000001d71bc1b640


Dynamic libraries:
0x00007ff75a750000 - 0x00007ff75a75f000 	C:\Program Files\Java\jdk-15.0.1\bin\java.exe
0x00007ffdf9600000 - 0x00007ffdf97f0000 	C:\WINDOWS\SYSTEM32\ntdll.dll
0x00007ffdf9390000 - 0x00007ffdf9442000 	C:\WINDOWS\System32\KERNEL32.DLL
0x00007ffdf66f0000 - 0x00007ffdf6995000 	C:\WINDOWS\System32\KERNELBASE.dll
0x00007ffdf6e20000 - 0x00007ffdf6f1a000 	C:\WINDOWS\System32\ucrtbase.dll
0x00007ffdefe60000 - 0x00007ffdefe78000 	C:\Program Files\Java\jdk-15.0.1\bin\jli.dll
0x00007ffdf76b0000 - 0x00007ffdf7753000 	C:\WINDOWS\System32\ADVAPI32.dll
0x00007ffdf8460000 - 0x00007ffdf84fe000 	C:\WINDOWS\System32\msvcrt.dll
0x00007ffdf9450000 - 0x00007ffdf94e7000 	C:\WINDOWS\System32\sechost.dll
0x00007ffdf78a0000 - 0x00007ffdf79c0000 	C:\WINDOWS\System32\RPCRT4.dll
0x00007ffdf8500000 - 0x00007ffdf8694000 	C:\WINDOWS\System32\USER32.dll
0x00007ffdf6c50000 - 0x00007ffdf6c71000 	C:\WINDOWS\System32\win32u.dll
0x00007ffdf8c70000 - 0x00007ffdf8c96000 	C:\WINDOWS\System32\GDI32.dll
0x00007ffdf6c80000 - 0x00007ffdf6e16000 	C:\WINDOWS\System32\gdi32full.dll
0x00007ffdf6bb0000 - 0x00007ffdf6c4e000 	C:\WINDOWS\System32\msvcp_win.dll
0x00007ffdd58a0000 - 0x00007ffdd58b9000 	C:\Program Files\Java\jdk-15.0.1\bin\VCRUNTIME140.dll
0x00007ffdde6d0000 - 0x00007ffdde954000 	C:\WINDOWS\WinSxS\amd64_microsoft.windows.common-controls_6595b64144ccf1df_6.0.18362.1256_none_9e7e379be45e40e2\COMCTL32.dll
0x00007ffdf7a70000 - 0x00007ffdf7da6000 	C:\WINDOWS\System32\combase.dll
0x00007ffdf6af0000 - 0x00007ffdf6b71000 	C:\WINDOWS\System32\bcryptPrimitives.dll
0x00007ffde7d50000 - 0x00007ffde7d5a000 	C:\WINDOWS\SYSTEM32\VERSION.dll
0x00007ffdf79c0000 - 0x00007ffdf79ee000 	C:\WINDOWS\System32\IMM32.DLL
0x00007ffdf0020000 - 0x00007ffdf002c000 	C:\Program Files\Java\jdk-15.0.1\bin\vcruntime140_1.dll
0x00007ffdc8fb0000 - 0x00007ffdc9041000 	C:\Program Files\Java\jdk-15.0.1\bin\msvcp140.dll
0x00007ffdb7b50000 - 0x00007ffdb86ae000 	C:\Program Files\Java\jdk-15.0.1\bin\server\jvm.dll
0x00007ffdf8450000 - 0x00007ffdf8458000 	C:\WINDOWS\System32\PSAPI.DLL
0x00007ffdf5220000 - 0x00007ffdf5229000 	C:\WINDOWS\SYSTEM32\WSOCK32.dll
0x00007ffdf87d0000 - 0x00007ffdf883f000 	C:\WINDOWS\System32\WS2_32.dll
0x00007ffdf4250000 - 0x00007ffdf4274000 	C:\WINDOWS\SYSTEM32\WINMM.dll
0x00007ffdf4220000 - 0x00007ffdf424d000 	C:\WINDOWS\SYSTEM32\WINMMBASE.dll
0x00007ffdf6570000 - 0x00007ffdf65ba000 	C:\WINDOWS\System32\cfgmgr32.dll
0x00007ffdf64d0000 - 0x00007ffdf64e1000 	C:\WINDOWS\System32\kernel.appcore.dll
0x00007ffdefe00000 - 0x00007ffdefe0a000 	C:\Program Files\Java\jdk-15.0.1\bin\jimage.dll
0x00007ffdf4bc0000 - 0x00007ffdf4db4000 	C:\WINDOWS\SYSTEM32\DBGHELP.DLL
0x00007ffdeb440000 - 0x00007ffdeb46a000 	C:\WINDOWS\SYSTEM32\dbgcore.DLL
0x00007ffdebe90000 - 0x00007ffdebe9e000 	C:\Program Files\Java\jdk-15.0.1\bin\instrument.dll
0x00007ffdc8f80000 - 0x00007ffdc8fa5000 	C:\Program Files\Java\jdk-15.0.1\bin\java.dll
0x00007ffdf8ca0000 - 0x00007ffdf9387000 	C:\WINDOWS\System32\SHELL32.dll
0x00007ffdf88a0000 - 0x00007ffdf8949000 	C:\WINDOWS\System32\shcore.dll
0x00007ffdf6f20000 - 0x00007ffdf76a1000 	C:\WINDOWS\System32\windows.storage.dll
0x00007ffdf6540000 - 0x00007ffdf6563000 	C:\WINDOWS\System32\profapi.dll
0x00007ffdf64f0000 - 0x00007ffdf653a000 	C:\WINDOWS\System32\powrprof.dll
0x00007ffdf64a0000 - 0x00007ffdf64b0000 	C:\WINDOWS\System32\UMPDC.dll
0x00007ffdf8840000 - 0x00007ffdf8892000 	C:\WINDOWS\System32\shlwapi.dll
0x00007ffdf65c0000 - 0x00007ffdf65d7000 	C:\WINDOWS\System32\cryptsp.dll
0x00007ffdc6050000 - 0x00007ffdc6068000 	C:\Program Files\Java\jdk-15.0.1\bin\zip.dll
0x00007ffdca710000 - 0x00007ffdca729000 	C:\Program Files\Java\jdk-15.0.1\bin\net.dll
0x00007ffdee050000 - 0x00007ffdee140000 	C:\WINDOWS\SYSTEM32\WINHTTP.dll
0x00007ffdf5c40000 - 0x00007ffdf5ca7000 	C:\WINDOWS\system32\mswsock.dll
0x00007ffdc6070000 - 0x00007ffdc6082000 	C:\Program Files\Java\jdk-15.0.1\bin\nio.dll
0x00007ffdbf890000 - 0x00007ffdbf8aa000 	C:\Program Files\JetBrains\IntelliJ IDEA Educational Edition 2020.2.2\bin\breakgen64.dll
0x00007ffdebe10000 - 0x00007ffdebe20000 	C:\Program Files\Java\jdk-15.0.1\bin\verify.dll
0x0000000180000000 - 0x0000000180025000 	C:\Users\Dave\IdeaProjects\MyJava\rxtxSerial.dll

dbghelp: loaded successfully - version: 4.0.5 - missing functions: none
symbol engine: initialized successfully - sym options: 0x614 - pdb path: .;C:\Program Files\Java\jdk-15.0.1\bin;C:\WINDOWS\SYSTEM32;C:\WINDOWS\WinSxS\amd64_microsoft.windows.common-controls_6595b64144ccf1df_6.0.18362.1256_none_9e7e379be45e40e2;C:\Program Files\Java\jdk-15.0.1\bin\server;C:\Program Files\JetBrains\IntelliJ IDEA Educational Edition 2020.2.2\bin;C:\Users\Dave\IdeaProjects\MyJava

VM Arguments:
jvm_args: -javaagent:C:\Program Files\JetBrains\IntelliJ IDEA Educational Edition 2020.2.2\lib\idea_rt.jar=1664:C:\Program Files\JetBrains\IntelliJ IDEA Educational Edition 2020.2.2\bin -Dfile.encoding=UTF-8 
java_command: TwoWaySerialComm
java_class_path (initial): C:\Program Files (x86)\Java\jre1.8.0_271\bin;C:\Users\Dave\IdeaProjects\MyJava\out\production\MyJava;C:\Users\Dave\IdeaProjects\MyJava\lib\RXTXcomm.jar
Launcher Type: SUN_STANDARD

[Global flags]
     intx CICompilerCount                          = 3                                         {product} {ergonomic}
     uint ConcGCThreads                            = 1                                         {product} {ergonomic}
     uint G1ConcRefinementThreads                  = 4                                         {product} {ergonomic}
   size_t G1HeapRegionSize                         = 1048576                                   {product} {ergonomic}
    uintx GCDrainStackTargetSize                   = 64                                        {product} {ergonomic}
   size_t InitialHeapSize                          = 134217728                                 {product} {ergonomic}
   size_t MarkStackSize                            = 4194304                                   {product} {ergonomic}
   size_t MaxHeapSize                              = 2116026368                                {product} {ergonomic}
   size_t MaxNewSize                               = 1268776960                                {product} {ergonomic}
   size_t MinHeapDeltaBytes                        = 1048576                                   {product} {ergonomic}
   size_t MinHeapSize                              = 8388608                                   {product} {ergonomic}
    uintx NonNMethodCodeHeapSize                   = 5832780                                {pd product} {ergonomic}
    uintx NonProfiledCodeHeapSize                  = 122912730                              {pd product} {ergonomic}
    uintx ProfiledCodeHeapSize                     = 122912730                              {pd product} {ergonomic}
    uintx ReservedCodeCacheSize                    = 251658240                              {pd product} {ergonomic}
     bool SegmentedCodeCache                       = true                                      {product} {ergonomic}
   size_t SoftMaxHeapSize                          = 2116026368                             {manageable} {ergonomic}
     bool UseCompressedClassPointers               = true                                 {lp64_product} {ergonomic}
     bool UseCompressedOops                        = true                                 {lp64_product} {ergonomic}
     bool UseG1GC                                  = true                                      {product} {ergonomic}
     bool UseLargePagesIndividualAllocation        = false                                  {pd product} {ergonomic}

Logging:
Log output configuration:
 #0: stdout all=warning uptime,level,tags
 #1: stderr all=off uptime,level,tags

Environment Variables:
PATH=C:\Program Files (x86)\Common Files\Oracle\Java\javapath;C:\Program Files\Common Files\Oracle\Java\javapath;C:\WINDOWS\system32;C:\WINDOWS;C:\WINDOWS\System32\Wbem;C:\WINDOWS\System32\WindowsPowerShell\v1.0\;C:\WINDOWS\System32\OpenSSH\;C:\Program Files\Git\cmd;C:\ProgramData\chocolatey\bin;C:\Program Files\nodejs\;C:\Program Files\Microsoft SQL Server\130\Tools\Binn\;C:\Program Files\dotnet\;C:\Python38\Scripts\;C:\Python38\;C:\Program Files\MySQL\MySQL Shell 8.0\bin\;C:\Users\Dave\AppData\Local\Microsoft\WindowsApps;C:\Users\Dave\AppData\Local\Programs\Microsoft VS Code\bin;C:\Program Files\Git;C:\Program Files (x86)\Nmap;C:\Users\Dave\AppData\Roaming\npm;;C:\Program Files\JetBrains\IntelliJ IDEA Educational Edition 2020.2.2\bin;;C:\Users\Dave\.dotnet\tools
USERNAME=Dave
OS=Windows_NT
PROCESSOR_IDENTIFIER=Intel64 Family 6 Model 142 Stepping 9, GenuineIntel



---------------  S Y S T E M  ---------------

OS:
 Windows 10 , 64 bit Build 18362 (10.0.18362.1110)
OS uptime: 0 days 0:07 hours
HyperV virtualization detected

CPU: total 4 (initial active 4) (2 cores per cpu, 2 threads per core) family 6 model 142 stepping 9 microcode 0x8e, cmov, cx8, fxsr, mmx, sse, sse2, sse3, ssse3, sse4.1, sse4.2, popcnt, vzeroupper, avx, avx2, aes, clmul, erms, 3dnowpref, lzcnt, ht, tsc, tscinvbit, bmi1, bmi2, adx, fma, clflush, clflushopt

Memory: 4k page, system-wide physical 8064M (3921M free)
TotalPageFile size 9344M (AvailPageFile size 4226M)
current process WorkingSet (physical memory assigned to process): 35M, peak: 35M
current process commit charge ("private bytes"): 206M, peak: 207M

vm_info: Java HotSpot(TM) 64-Bit Server VM (15.0.1+9-18) for windows-amd64 JRE (15.0.1+9-18), built on Sep 15 2020 14:43:54 by "mach5one" with unknown MS VC++:1925

END.
